2022-03-15 14:22:47.724  INFO 24488 --- [restartedMain] com.jxufe.BlogApplication                : Starting BlogApplication using Java 11.0.12 on LAPTOP-1IDT75RI with PID 24488 (D:\wenjian\Java\博客开发\blog\target\classes started by 韩宇帆 in D:\wenjian\Java\博客开发\blog)
2022-03-15 14:22:47.725  INFO 24488 --- [restartedMain] com.jxufe.BlogApplication                : The following 1 profile is active: "pro"
2022-03-15 14:22:49.359  WARN 24488 --- [restartedMain] JpaBaseConfiguration$JpaWebConfiguration : spring.jpa.open-in-view is enabled by default. Therefore, database queries may be performed during view rendering. Explicitly configure spring.jpa.open-in-view to disable this warning
2022-03-15 14:22:49.667  INFO 24488 --- [restartedMain] com.jxufe.BlogApplication                : Started BlogApplication in 2.433 seconds (JVM running for 3.415)
2022-03-15 14:23:18.209  INFO 32772 --- [restartedMain] com.jxufe.BlogApplication                : Starting BlogApplication using Java 11.0.12 on LAPTOP-1IDT75RI with PID 32772 (D:\wenjian\Java\博客开发\blog\target\classes started by 韩宇帆 in D:\wenjian\Java\博客开发\blog)
2022-03-15 14:23:18.211  INFO 32772 --- [restartedMain] com.jxufe.BlogApplication                : The following 1 profile is active: "pro"
2022-03-15 14:23:19.823  WARN 32772 --- [restartedMain] JpaBaseConfiguration$JpaWebConfiguration : spring.jpa.open-in-view is enabled by default. Therefore, database queries may be performed during view rendering. Explicitly configure spring.jpa.open-in-view to disable this warning
2022-03-15 14:23:20.130  INFO 32772 --- [restartedMain] com.jxufe.BlogApplication                : Started BlogApplication in 2.436 seconds (JVM running for 3.39)
2022-03-15 14:23:46.981  INFO 31948 --- [restartedMain] com.jxufe.BlogApplication                : Starting BlogApplication using Java 11.0.12 on LAPTOP-1IDT75RI with PID 31948 (D:\wenjian\Java\博客开发\blog\target\classes started by 韩宇帆 in D:\wenjian\Java\博客开发\blog)
2022-03-15 14:23:46.983  INFO 31948 --- [restartedMain] com.jxufe.BlogApplication                : The following 1 profile is active: "pro"
2022-03-15 14:23:48.575  WARN 31948 --- [restartedMain] JpaBaseConfiguration$JpaWebConfiguration : spring.jpa.open-in-view is enabled by default. Therefore, database queries may be performed during view rendering. Explicitly configure spring.jpa.open-in-view to disable this warning
2022-03-15 14:23:48.872  INFO 31948 --- [restartedMain] com.jxufe.BlogApplication                : Started BlogApplication in 2.408 seconds (JVM running for 3.413)
2022-03-15 14:24:16.641 ERROR 31948 --- [http-nio-8080-exec-1] c.j.handler.ControllerExceptionHandler   : Request URL : http://localhost:8080/blog/, Exception : {}

java.lang.ArithmeticException: / by zero
	at com.jxufe.controller.Controller.doThing(Controller.java:11)
	at java.base/jdk.internal.reflect.NativeMethodAccessorImpl.invoke0(Native Method)
	at java.base/jdk.internal.reflect.NativeMethodAccessorImpl.invoke(NativeMethodAccessorImpl.java:62)
	at java.base/jdk.internal.reflect.DelegatingMethodAccessorImpl.invoke(DelegatingMethodAccessorImpl.java:43)
	at java.base/java.lang.reflect.Method.invoke(Method.java:566)
	at org.springframework.web.method.support.InvocableHandlerMethod.doInvoke(InvocableHandlerMethod.java:205)
	at org.springframework.web.method.support.InvocableHandlerMethod.invokeForRequest(InvocableHandlerMethod.java:150)
	at org.springframework.web.servlet.mvc.method.annotation.ServletInvocableHandlerMethod.invokeAndHandle(ServletInvocableHandlerMethod.java:117)
	at org.springframework.web.servlet.mvc.method.annotation.RequestMappingHandlerAdapter.invokeHandlerMethod(RequestMappingHandlerAdapter.java:895)
	at org.springframework.web.servlet.mvc.method.annotation.RequestMappingHandlerAdapter.handleInternal(RequestMappingHandlerAdapter.java:808)
	at org.springframework.web.servlet.mvc.method.AbstractHandlerMethodAdapter.handle(AbstractHandlerMethodAdapter.java:87)
	at org.springframework.web.servlet.DispatcherServlet.doDispatch(DispatcherServlet.java:1067)
	at org.springframework.web.servlet.DispatcherServlet.doService(DispatcherServlet.java:963)
	at org.springframework.web.servlet.FrameworkServlet.processRequest(FrameworkServlet.java:1006)
	at org.springframework.web.servlet.FrameworkServlet.doGet(FrameworkServlet.java:898)
	at javax.servlet.http.HttpServlet.service(HttpServlet.java:655)
	at org.springframework.web.servlet.FrameworkServlet.service(FrameworkServlet.java:883)
	at javax.servlet.http.HttpServlet.service(HttpServlet.java:764)
	at org.apache.catalina.core.ApplicationFilterChain.internalDoFilter(ApplicationFilterChain.java:227)
	at org.apache.catalina.core.ApplicationFilterChain.doFilter(ApplicationFilterChain.java:162)
	at org.apache.tomcat.websocket.server.WsFilter.doFilter(WsFilter.java:53)
	at org.apache.catalina.core.ApplicationFilterChain.internalDoFilter(ApplicationFilterChain.java:189)
	at org.apache.catalina.core.ApplicationFilterChain.doFilter(ApplicationFilterChain.java:162)
	at org.springframework.web.filter.RequestContextFilter.doFilterInternal(RequestContextFilter.java:100)
	at org.springframework.web.filter.OncePerRequestFilter.doFilter(OncePerRequestFilter.java:117)
	at org.apache.catalina.core.ApplicationFilterChain.internalDoFilter(ApplicationFilterChain.java:189)
	at org.apache.catalina.core.ApplicationFilterChain.doFilter(ApplicationFilterChain.java:162)
	at org.springframework.web.filter.FormContentFilter.doFilterInternal(FormContentFilter.java:93)
	at org.springframework.web.filter.OncePerRequestFilter.doFilter(OncePerRequestFilter.java:117)
	at org.apache.catalina.core.ApplicationFilterChain.internalDoFilter(ApplicationFilterChain.java:189)
	at org.apache.catalina.core.ApplicationFilterChain.doFilter(ApplicationFilterChain.java:162)
	at org.springframework.web.filter.CharacterEncodingFilter.doFilterInternal(CharacterEncodingFilter.java:201)
	at org.springframework.web.filter.OncePerRequestFilter.doFilter(OncePerRequestFilter.java:117)
	at org.apache.catalina.core.ApplicationFilterChain.internalDoFilter(ApplicationFilterChain.java:189)
	at org.apache.catalina.core.ApplicationFilterChain.doFilter(ApplicationFilterChain.java:162)
	at org.apache.catalina.core.StandardWrapperValve.invoke(StandardWrapperValve.java:197)
	at org.apache.catalina.core.StandardContextValve.invoke(StandardContextValve.java:97)
	at org.apache.catalina.authenticator.AuthenticatorBase.invoke(AuthenticatorBase.java:540)
	at org.apache.catalina.core.StandardHostValve.invoke(StandardHostValve.java:135)
	at org.apache.catalina.valves.ErrorReportValve.invoke(ErrorReportValve.java:92)
	at org.apache.catalina.core.StandardEngineValve.invoke(StandardEngineValve.java:78)
	at org.apache.catalina.connector.CoyoteAdapter.service(CoyoteAdapter.java:359)
	at org.apache.coyote.http11.Http11Processor.service(Http11Processor.java:399)
	at org.apache.coyote.AbstractProcessorLight.process(AbstractProcessorLight.java:65)
	at org.apache.coyote.AbstractProtocol$ConnectionHandler.process(AbstractProtocol.java:889)
	at org.apache.tomcat.util.net.NioEndpoint$SocketProcessor.doRun(NioEndpoint.java:1735)
	at org.apache.tomcat.util.net.SocketProcessorBase.run(SocketProcessorBase.java:49)
	at org.apache.tomcat.util.threads.ThreadPoolExecutor.runWorker(ThreadPoolExecutor.java:1191)
	at org.apache.tomcat.util.threads.ThreadPoolExecutor$Worker.run(ThreadPoolExecutor.java:659)
	at org.apache.tomcat.util.threads.TaskThread$WrappingRunnable.run(TaskThread.java:61)
	at java.base/java.lang.Thread.run(Thread.java:829)

2022-03-15 14:24:16.644  WARN 31948 --- [http-nio-8080-exec-1] .m.m.a.ExceptionHandlerExceptionResolver : Resolved [java.lang.ArithmeticException: / by zero]
2022-03-15 14:24:46.195  INFO 25584 --- [restartedMain] com.jxufe.BlogApplication                : Starting BlogApplication using Java 11.0.12 on LAPTOP-1IDT75RI with PID 25584 (D:\wenjian\Java\博客开发\blog\target\classes started by 韩宇帆 in D:\wenjian\Java\博客开发\blog)
2022-03-15 14:24:46.196  INFO 25584 --- [restartedMain] com.jxufe.BlogApplication                : The following 1 profile is active: "pro"
2022-03-15 14:24:47.857  WARN 25584 --- [restartedMain] JpaBaseConfiguration$JpaWebConfiguration : spring.jpa.open-in-view is enabled by default. Therefore, database queries may be performed during view rendering. Explicitly configure spring.jpa.open-in-view to disable this warning
2022-03-15 14:24:48.181  INFO 25584 --- [restartedMain] com.jxufe.BlogApplication                : Started BlogApplication in 2.483 seconds (JVM running for 3.512)
2022-03-15 14:25:38.223  INFO 34436 --- [restartedMain] com.jxufe.BlogApplication                : Starting BlogApplication using Java 11.0.12 on LAPTOP-1IDT75RI with PID 34436 (D:\wenjian\Java\博客开发\blog\target\classes started by 韩宇帆 in D:\wenjian\Java\博客开发\blog)
2022-03-15 14:25:38.226  INFO 34436 --- [restartedMain] com.jxufe.BlogApplication                : The following 1 profile is active: "pro"
2022-03-15 14:25:39.951  WARN 34436 --- [restartedMain] JpaBaseConfiguration$JpaWebConfiguration : spring.jpa.open-in-view is enabled by default. Therefore, database queries may be performed during view rendering. Explicitly configure spring.jpa.open-in-view to disable this warning
2022-03-15 14:25:40.265  INFO 34436 --- [restartedMain] com.jxufe.BlogApplication                : Started BlogApplication in 2.641 seconds (JVM running for 3.702)
